# JRE version: OpenJDK Runtime Environment (8.0_232-b09) (build 1.8.0_232-8u232-b09-0ubuntu1~18.04.1-b09)
# Java VM: OpenJDK 64-Bit Server VM (25.232-b09 mixed mode linux-amd64 compressed oops)
Heap:
 PSYoungGen      total 281600K, used 33769K [0x00000000d7300000, 0x00000000eba00000, 0x0000000100000000)
  eden space 247808K, 0% used [0x00000000d7300000,0x00000000d7300000,0x00000000e6500000)
  from space 33792K, 99% used [0x00000000e9900000,0x00000000eb9fa7e8,0x00000000eba00000)
  to   space 19456K, 0% used [0x00000000e6500000,0x00000000e6500000,0x00000000e7800000)
 ParOldGen       total 80384K, used 72872K [0x0000000085800000, 0x000000008a680000, 0x00000000d7300000)
  object space 80384K, 90% used [0x0000000085800000,0x0000000089f2a2c0,0x000000008a680000)
 Metaspace       used 26682K, capacity 27346K, committed 27648K, reserved 1073152K
  class space    used 3102K, capacity 3264K, committed 3328K, reserved 1048576K
GC Heap History (10 events):
Event: 3.210 GC heap after
Heap after GC invocations=4 (full 0):
 PSYoungGen      total 132096K, used 5088K [0x00000000d7300000, 0x00000000df900000, 0x0000000100000000)
  eden space 126976K, 0% used [0x00000000d7300000,0x00000000d7300000,0x00000000def00000)
  from space 5120K, 99% used [0x00000000df400000,0x00000000df8f8020,0x00000000df900000)
  to   space 5120K, 0% used [0x00000000def00000,0x00000000def00000,0x00000000df400000)
 ParOldGen       total 84992K, used 11429K [0x0000000085800000, 0x000000008ab00000, 0x00000000d7300000)
  object space 84992K, 13% used [0x0000000085800000,0x0000000086329610,0x000000008ab00000)
 Metaspace       used 15379K, capacity 15582K, committed 15744K, reserved 1062912K
  class space    used 1793K, capacity 1885K, committed 1920K, reserved 1048576K
}
Event: 5.035 GC heap before
{Heap before GC invocations=5 (full 0):
 PSYoungGen      total 132096K, used 119232K [0x00000000d7300000, 0x00000000df900000, 0x0000000100000000)
  eden space 126976K, 89% used [0x00000000d7300000,0x00000000de278198,0x00000000def00000)
  from space 5120K, 99% used [0x00000000df400000,0x00000000df8f8020,0x00000000df900000)
  to   space 5120K, 0% used [0x00000000def00000,0x00000000def00000,0x00000000df400000)
 ParOldGen       total 84992K, used 11429K [0x0000000085800000, 0x000000008ab00000, 0x00000000d7300000)
  object space 84992K, 13% used [0x0000000085800000,0x0000000086329610,0x000000008ab00000)
 Metaspace       used 20749K, capacity 21206K, committed 21248K, reserved 1069056K
  class space    used 2434K, capacity 2549K, committed 2560K, reserved 1048576K
Event: 5.082 GC heap after
Heap after GC invocations=5 (full 0):
 PSYoungGen      total 132096K, used 5104K [0x00000000d7300000, 0x00000000e8b00000, 0x0000000100000000)
  eden space 126976K, 0% used [0x00000000d7300000,0x00000000d7300000,0x00000000def00000)
  from space 5120K, 99% used [0x00000000def00000,0x00000000df3fc030,0x00000000df400000)
  to   space 16384K, 0% used [0x00000000e7b00000,0x00000000e7b00000,0x00000000e8b00000)
 ParOldGen       total 84992K, used 20728K [0x0000000085800000, 0x000000008ab00000, 0x00000000d7300000)
  object space 84992K, 24% used [0x0000000085800000,0x0000000086c3e2a0,0x000000008ab00000)
 Metaspace       used 20749K, capacity 21206K, committed 21248K, reserved 1069056K
  class space    used 2434K, capacity 2549K, committed 2560K, reserved 1048576K
}
Event: 5.083 GC heap before
{Heap before GC invocations=6 (full 1):
 PSYoungGen      total 132096K, used 5104K [0x00000000d7300000, 0x00000000e8b00000, 0x0000000100000000)
  eden space 126976K, 0% used [0x00000000d7300000,0x00000000d7300000,0x00000000def00000)
  from space 5120K, 99% used [0x00000000def00000,0x00000000df3fc030,0x00000000df400000)
  to   space 16384K, 0% used [0x00000000e7b00000,0x00000000e7b00000,0x00000000e8b00000)
 ParOldGen       total 84992K, used 20728K [0x0000000085800000, 0x000000008ab00000, 0x00000000d7300000)
  object space 84992K, 24% used [0x0000000085800000,0x0000000086c3e2a0,0x000000008ab00000)
 Metaspace       used 20749K, capacity 21206K, committed 21248K, reserved 1069056K
  class space    used 2434K, capacity 2549K, committed 2560K, reserved 1048576K
Event: 5.219 GC heap after
Heap after GC invocations=6 (full 1):
 PSYoungGen      total 132096K, used 0K [0x00000000d7300000, 0x00000000e8b00000, 0x0000000100000000)
  eden space 126976K, 0% used [0x00000000d7300000,0x00000000d7300000,0x00000000def00000)
  from space 5120K, 0% used [0x00000000def00000,0x00000000def00000,0x00000000df400000)
  to   space 16384K, 0% used [0x00000000e7b00000,0x00000000e7b00000,0x00000000e8b00000)
 ParOldGen       total 80384K, used 20669K [0x0000000085800000, 0x000000008a680000, 0x00000000d7300000)
  object space 80384K, 25% used [0x0000000085800000,0x0000000086c2f430,0x000000008a680000)
 Metaspace       used 20749K, capacity 21206K, committed 21248K, reserved 1069056K
  class space    used 2434K, capacity 2549K, committed 2560K, reserved 1048576K
}
Event: 7.186 GC heap before
{Heap before GC invocations=7 (full 1):
 PSYoungGen      total 132096K, used 126976K [0x00000000d7300000, 0x00000000e8b00000, 0x0000000100000000)
  eden space 126976K, 100% used [0x00000000d7300000,0x00000000def00000,0x00000000def00000)
  from space 5120K, 0% used [0x00000000def00000,0x00000000def00000,0x00000000df400000)
  to   space 16384K, 0% used [0x00000000e7b00000,0x00000000e7b00000,0x00000000e8b00000)
 ParOldGen       total 80384K, used 20669K [0x0000000085800000, 0x000000008a680000, 0x00000000d7300000)
  object space 80384K, 25% used [0x0000000085800000,0x0000000086c2f430,0x000000008a680000)
 Metaspace       used 24126K, capacity 24664K, committed 24960K, reserved 1071104K
  class space    used 2772K, capacity 2885K, committed 2944K, reserved 1048576K
Event: 7.220 GC heap after
Heap after GC invocations=7 (full 1):
 PSYoungGen      total 200192K, used 16359K [0x00000000d7300000, 0x00000000e8b00000, 0x0000000100000000)
  eden space 183808K, 0% used [0x00000000d7300000,0x00000000d7300000,0x00000000e2680000)
  from space 16384K, 99% used [0x00000000e7b00000,0x00000000e8af9f70,0x00000000e8b00000)
  to   space 19456K, 0% used [0x00000000e6500000,0x00000000e6500000,0x00000000e7800000)
 ParOldGen       total 80384K, used 20818K [0x0000000085800000, 0x000000008a680000, 0x00000000d7300000)
  object space 80384K, 25% used [0x0000000085800000,0x0000000086c54b20,0x000000008a680000)
 Metaspace       used 24126K, capacity 24664K, committed 24960K, reserved 1071104K
  class space    used 2772K, capacity 2885K, committed 2944K, reserved 1048576K
}
Event: 8.827 GC heap before
{Heap before GC invocations=8 (full 1):
 PSYoungGen      total 200192K, used 200167K [0x00000000d7300000, 0x00000000e8b00000, 0x0000000100000000)
  eden space 183808K, 100% used [0x00000000d7300000,0x00000000e2680000,0x00000000e2680000)
  from space 16384K, 99% used [0x00000000e7b00000,0x00000000e8af9f70,0x00000000e8b00000)
  to   space 19456K, 0% used [0x00000000e6500000,0x00000000e6500000,0x00000000e7800000)
 ParOldGen       total 80384K, used 20818K [0x0000000085800000, 0x000000008a680000, 0x00000000d7300000)
  object space 80384K, 25% used [0x0000000085800000,0x0000000086c54b20,0x000000008a680000)
 Metaspace       used 26674K, capacity 27346K, committed 27648K, reserved 1073152K
  class space    used 3102K, capacity 3264K, committed 3328K, reserved 1048576K
Event: 8.866 GC heap after
Heap after GC invocations=8 (full 1):
 PSYoungGen      total 267264K, used 19441K [0x00000000d7300000, 0x00000000eba00000, 0x0000000100000000)
  eden space 247808K, 0% used [0x00000000d7300000,0x00000000d7300000,0x00000000e6500000)
  from space 19456K, 99% used [0x00000000e6500000,0x00000000e77fc5d8,0x00000000e7800000)
  to   space 33792K, 0% used [0x00000000e9900000,0x00000000e9900000,0x00000000eba00000)
 ParOldGen       total 80384K, used 42973K [0x0000000085800000, 0x000000008a680000, 0x00000000d7300000)
  object space 80384K, 53% used [0x0000000085800000,0x00000000881f77f8,0x000000008a680000)
 Metaspace       used 26674K, capacity 27346K, committed 27648K, reserved 1073152K
  class space    used 3102K, capacity 3264K, committed 3328K, reserved 1048576K
}
Event: 11.652 GC heap before
{Heap before GC invocations=9 (full 1):
 PSYoungGen      total 267264K, used 267249K [0x00000000d7300000, 0x00000000eba00000, 0x0000000100000000)
  eden space 247808K, 100% used [0x00000000d7300000,0x00000000e6500000,0x00000000e6500000)
  from space 19456K, 99% used [0x00000000e6500000,0x00000000e77fc5d8,0x00000000e7800000)
  to   space 33792K, 0% used [0x00000000e9900000,0x00000000e9900000,0x00000000eba00000)
 ParOldGen       total 80384K, used 42973K [0x0000000085800000, 0x000000008a680000, 0x00000000d7300000)
  object space 80384K, 53% used [0x0000000085800000,0x00000000881f77f8,0x000000008a680000)
 Metaspace       used 26682K, capacity 27346K, committed 27648K, reserved 1073152K
  class space    used 3102K, capacity 3264K, committed 3328K, reserved 1048576K

